<?xml version="1.0" encoding="UTF-8"?>
<testng-results ignored="0" total="1" passed="1" failed="0" skipped="0">
  <reporter-output>
  </reporter-output>
  <suite started-at="2022-03-26T17:00:49Z" name="Default suite" finished-at="2022-03-26T17:00:54Z" duration-ms="5289">
    <groups>
    </groups>
    <test started-at="2022-03-26T17:00:49Z" name="Default test" finished-at="2022-03-26T17:00:54Z" duration-ms="5289">
      <class name="test.TestSel">
        <test-method signature="f()[pri:0, instance:test.TestSel@4a3631f8]" started-at="2022-03-26T11:00:49Z" name="f" finished-at="2022-03-26T11:00:54Z" duration-ms="5249" status="PASS">
          <reporter-output>
          </reporter-output>
        </test-method> <!-- f -->
      </class> <!-- test.TestSel -->
    </test> <!-- Default test -->
  </suite> <!-- Default suite -->
</testng-results>
